<?xml version="1.0" encoding="UTF-8"?>
<testsuite name="tetris.MovementTests" tests="2" skipped="0" failures="0" errors="0" timestamp="2020-10-16T13:11:09" hostname="MacBook-Pro-di-Federico.local" time="0.018">
  <properties/>
  <testcase name="testMovement" classname="tetris.MovementTests" time="0.01"/>
  <testcase name="testMovement2" classname="tetris.MovementTests" time="0.007"/>
  <system-out><![CDATA[]]></system-out>
  <system-err><![CDATA[]]></system-err>
</testsuite>
