<?xml version="1.0" encoding="UTF-8"?>
<testsuite name="tetris.MovementTests" tests="2" skipped="0" failures="0" errors="0" timestamp="2020-10-16T15:01:44" hostname="MacBook-Pro-di-Federico.local" time="0.027">
  <properties/>
  <testcase name="testMovement" classname="tetris.MovementTests" time="0.011"/>
  <testcase name="testMovement2" classname="tetris.MovementTests" time="0.015"/>
  <system-out><![CDATA[---moveLeft()
---moveLeft()
---moveRight()
---moveRight()
---moveRight()
---moveRight()
---moveRight()
---moveRight()
---moveDown()
---moveDown()
---moveLeft()
---moveLeft()
---moveLeft()
---moveLeft()
---moveLeft()
---moveLeft()
---moveDown()
---moveDown()
---moveRight()
---moveRight()
---moveRight()
---moveRight()
---moveRight()
---moveRight()
---moveLeft()
---moveLeft()
---moveLeft()
---moveLeft()
---moveDown()
---moveDown()
---moveRight()
---moveRight()
---moveRight()
---moveRight()
---moveRight()
---moveRight()
---moveRight()
---moveRight()
---moveDown()
---moveDown()
---moveLeft()
---moveLeft()
---moveLeft()
---moveLeft()
---moveLeft()
---moveLeft()
---moveLeft()
---moveLeft()
]]></system-out>
  <system-err><![CDATA[]]></system-err>
</testsuite>
