<?xml version="1.0" encoding="UTF-8"?>
<testsuite name="tetris.RotationTests" tests="7" skipped="0" failures="0" errors="0" timestamp="2020-10-16T15:01:44" hostname="MacBook-Pro-di-Federico.local" time="0.063">
  <properties/>
  <testcase name="testIRotations" classname="tetris.RotationTests" time="0.022"/>
  <testcase name="testJRotations" classname="tetris.RotationTests" time="0.009"/>
  <testcase name="testLRotations" classname="tetris.RotationTests" time="0.007"/>
  <testcase name="testORotations" classname="tetris.RotationTests" time="0.005"/>
  <testcase name="testSRotations" classname="tetris.RotationTests" time="0.005"/>
  <testcase name="testTRotations" classname="tetris.RotationTests" time="0.007"/>
  <testcase name="testZRotations" classname="tetris.RotationTests" time="0.006"/>
  <system-out><![CDATA[---rotateRight()
Point(1,1)
Tetromino(ICell,Point(1,1),List(Point(1,1), Point(0,1), Point(2,1), Point(3,1)))
Tetromino(ICell,Point(1,1),List(Point(2,1), Point(2,0), Point(2,2), Point(2,3)))
---rotateRight()
Point(1,1)
Tetromino(ICell,Point(1,1),List(Point(2,1), Point(2,0), Point(2,2), Point(2,3)))
Tetromino(ICell,Point(1,1),List(Point(2,2), Point(3,2), Point(1,2), Point(0,2)))
---rotateRight()
Point(1,1)
Tetromino(ICell,Point(1,1),List(Point(2,2), Point(3,2), Point(1,2), Point(0,2)))
Tetromino(ICell,Point(1,1),List(Point(1,2), Point(1,3), Point(1,1), Point(1,0)))
---rotateRight()
Point(1,1)
Tetromino(JCell,Point(1,1),List(Point(1,1), Point(0,1), Point(0,0), Point(2,1)))
Tetromino(JCell,Point(1,1),List(Point(1,1), Point(1,0), Point(2,0), Point(1,2)))
---rotateRight()
Point(1,1)
Tetromino(JCell,Point(1,1),List(Point(1,1), Point(1,0), Point(2,0), Point(1,2)))
Tetromino(JCell,Point(1,1),List(Point(1,1), Point(2,1), Point(2,2), Point(0,1)))
---rotateRight()
Point(1,1)
Tetromino(JCell,Point(1,1),List(Point(1,1), Point(2,1), Point(2,2), Point(0,1)))
Tetromino(JCell,Point(1,1),List(Point(1,1), Point(1,2), Point(0,2), Point(1,0)))
---rotateRight()
Point(1,1)
Tetromino(LCell,Point(1,1),List(Point(1,1), Point(0,1), Point(2,0), Point(2,1)))
Tetromino(LCell,Point(1,1),List(Point(1,1), Point(1,0), Point(2,2), Point(1,2)))
---rotateRight()
Point(1,1)
Tetromino(LCell,Point(1,1),List(Point(1,1), Point(1,0), Point(2,2), Point(1,2)))
Tetromino(LCell,Point(1,1),List(Point(1,1), Point(2,1), Point(0,2), Point(0,1)))
---rotateRight()
Point(1,1)
Tetromino(LCell,Point(1,1),List(Point(1,1), Point(2,1), Point(0,2), Point(0,1)))
Tetromino(LCell,Point(1,1),List(Point(1,1), Point(1,2), Point(0,0), Point(1,0)))
---rotateRight()
Point(3,1)
Tetromino(OCell,Point(3,1),List(Point(3,1), Point(3,0), Point(4,0), Point(4,1)))
Tetromino(OCell,Point(3,1),List(Point(3,1), Point(3,0), Point(4,0), Point(4,1)))
---rotateRight()
Point(3,1)
Tetromino(OCell,Point(3,1),List(Point(3,1), Point(3,0), Point(4,0), Point(4,1)))
Tetromino(OCell,Point(3,1),List(Point(3,1), Point(3,0), Point(4,0), Point(4,1)))
---rotateRight()
Point(3,1)
Tetromino(OCell,Point(3,1),List(Point(3,1), Point(3,0), Point(4,0), Point(4,1)))
Tetromino(OCell,Point(3,1),List(Point(3,1), Point(3,0), Point(4,0), Point(4,1)))
---rotateRight()
Point(1,1)
Tetromino(SCell,Point(1,1),List(Point(1,1), Point(0,1), Point(1,0), Point(2,0)))
Tetromino(SCell,Point(1,1),List(Point(1,1), Point(1,0), Point(2,1), Point(2,2)))
---rotateRight()
Point(1,1)
Tetromino(SCell,Point(1,1),List(Point(1,1), Point(1,0), Point(2,1), Point(2,2)))
Tetromino(SCell,Point(1,1),List(Point(1,1), Point(2,1), Point(1,2), Point(0,2)))
---rotateRight()
Point(1,1)
Tetromino(SCell,Point(1,1),List(Point(1,1), Point(2,1), Point(1,2), Point(0,2)))
Tetromino(SCell,Point(1,1),List(Point(1,1), Point(1,2), Point(0,1), Point(0,0)))
---rotateRight()
Point(1,1)
Tetromino(TCell,Point(1,1),List(Point(1,1), Point(0,1), Point(2,1), Point(1,0)))
Tetromino(TCell,Point(1,1),List(Point(1,1), Point(1,0), Point(1,2), Point(2,1)))
---rotateRight()
Point(1,1)
Tetromino(TCell,Point(1,1),List(Point(1,1), Point(1,0), Point(1,2), Point(2,1)))
Tetromino(TCell,Point(1,1),List(Point(1,1), Point(2,1), Point(0,1), Point(1,2)))
---rotateRight()
Point(1,1)
Tetromino(TCell,Point(1,1),List(Point(1,1), Point(2,1), Point(0,1), Point(1,2)))
Tetromino(TCell,Point(1,1),List(Point(1,1), Point(1,2), Point(1,0), Point(0,1)))
---rotateRight()
Point(1,1)
Tetromino(ZCell,Point(1,1),List(Point(1,1), Point(1,0), Point(0,0), Point(2,1)))
Tetromino(ZCell,Point(1,1),List(Point(1,1), Point(2,1), Point(2,0), Point(1,2)))
---rotateRight()
Point(1,1)
Tetromino(ZCell,Point(1,1),List(Point(1,1), Point(2,1), Point(2,0), Point(1,2)))
Tetromino(ZCell,Point(1,1),List(Point(1,1), Point(1,2), Point(2,2), Point(0,1)))
---rotateRight()
Point(1,1)
Tetromino(ZCell,Point(1,1),List(Point(1,1), Point(1,2), Point(2,2), Point(0,1)))
Tetromino(ZCell,Point(1,1),List(Point(1,1), Point(0,1), Point(0,2), Point(1,0)))
]]></system-out>
  <system-err><![CDATA[]]></system-err>
</testsuite>
