<?xml version="1.0" encoding="UTF-8"?>
<testsuite name="tetris.ClearLinesTests" tests="5" skipped="0" failures="0" errors="0" timestamp="2020-10-16T15:01:44" hostname="MacBook-Pro-di-Federico.local" time="0.031">
  <properties/>
  <testcase name="testClear1Line" classname="tetris.ClearLinesTests" time="0.004"/>
  <testcase name="testClear1LineMiddle" classname="tetris.ClearLinesTests" time="0.006"/>
  <testcase name="testClear2Lines" classname="tetris.ClearLinesTests" time="0.005"/>
  <testcase name="testClear3Lines" classname="tetris.ClearLinesTests" time="0.008"/>
  <testcase name="testClear4Lines" classname="tetris.ClearLinesTests" time="0.007"/>
  <system-out><![CDATA[---rotateRight()
Point(1,1)
Tetromino(SCell,Point(1,1),List(Point(1,1), Point(0,1), Point(1,0), Point(2,0)))
Tetromino(SCell,Point(1,1),List(Point(1,1), Point(1,0), Point(2,1), Point(2,2)))
---moveDown()
---moveDown()
---moveDown()
---moveDown()
---moveDown()
---rotateRight()
Point(1,1)
Tetromino(ICell,Point(1,1),List(Point(1,1), Point(0,1), Point(2,1), Point(3,1)))
Tetromino(ICell,Point(1,1),List(Point(2,1), Point(2,0), Point(2,2), Point(2,3)))
---moveRight()
---moveRight()
---moveDown()
---moveDown()
---moveDown()
---moveDown()
---moveDown()
---moveDown()
---moveDown()
---moveDown()
---moveDown()
---moveDown()
---moveDown()
---rotateRight()
Point(1,1)
Tetromino(ICell,Point(1,1),List(Point(1,1), Point(0,1), Point(2,1), Point(3,1)))
Tetromino(ICell,Point(1,1),List(Point(2,1), Point(2,0), Point(2,2), Point(2,3)))
---moveRight()
---moveRight()
---moveDown()
---moveDown()
---moveDown()
---moveDown()
---moveDown()
---moveDown()
---moveDown()
---moveDown()
---moveDown()
---rotateRight()
Point(1,1)
Tetromino(ICell,Point(1,1),List(Point(1,1), Point(0,1), Point(2,1), Point(3,1)))
Tetromino(ICell,Point(1,1),List(Point(2,1), Point(2,0), Point(2,2), Point(2,3)))
---moveRight()
---moveRight()
---moveDown()
---moveDown()
---moveDown()
---moveDown()
---moveDown()
---moveDown()
---moveDown()
---moveDown()
---moveDown()
---rotateRight()
Point(1,1)
Tetromino(ICell,Point(1,1),List(Point(1,1), Point(0,1), Point(2,1), Point(3,1)))
Tetromino(ICell,Point(1,1),List(Point(2,1), Point(2,0), Point(2,2), Point(2,3)))
---moveLeft()
---moveLeft()
---moveDown()
---moveDown()
---moveDown()
---moveDown()
---moveDown()
---moveDown()
---moveDown()
---moveDown()
---moveDown()
]]></system-out>
  <system-err><![CDATA[]]></system-err>
</testsuite>
