<?xml version="1.0" encoding="UTF-8"?>
<testsuite name="tetris.DropTests" tests="1" skipped="0" failures="0" errors="0" timestamp="2020-10-16T15:01:44" hostname="MacBook-Pro-di-Federico.local" time="0.033">
  <properties/>
  <testcase name="testDrop" classname="tetris.DropTests" time="0.033"/>
  <system-out><![CDATA[---rotateRight()
Point(1,1)
Tetromino(ICell,Point(1,1),List(Point(1,1), Point(0,1), Point(2,1), Point(3,1)))
Tetromino(ICell,Point(1,1),List(Point(2,1), Point(2,0), Point(2,2), Point(2,3)))
---moveRight()
---moveRight()
---moveDown()
---moveDown()
---moveDown()
---moveDown()
---moveDown()
---moveDown()
---moveDown()
---rotateRight()
Point(1,1)
Tetromino(TCell,Point(1,1),List(Point(1,1), Point(0,1), Point(2,1), Point(1,0)))
Tetromino(TCell,Point(1,1),List(Point(1,1), Point(1,0), Point(1,2), Point(2,1)))
---moveLeft()
---moveLeft()
---moveDown()
---moveDown()
---moveDown()
---moveDown()
---moveDown()
---moveDown()
---moveDown()
---moveDown()
---moveDown()
---moveDown()
---rotateRight()
Point(1,1)
Tetromino(ICell,Point(1,1),List(Point(1,1), Point(0,1), Point(2,1), Point(3,1)))
Tetromino(ICell,Point(1,1),List(Point(2,1), Point(2,0), Point(2,2), Point(2,3)))
---moveDown()
---moveDown()
---moveDown()
---moveDown()
---moveDown()
---moveDown()
---moveDown()
---rotateRight()
Point(1,1)
Tetromino(TCell,Point(1,1),List(Point(1,1), Point(0,1), Point(2,1), Point(1,0)))
Tetromino(TCell,Point(1,1),List(Point(1,1), Point(1,0), Point(1,2), Point(2,1)))
---rotateRight()
Point(1,1)
Tetromino(TCell,Point(1,1),List(Point(1,1), Point(1,0), Point(1,2), Point(2,1)))
Tetromino(TCell,Point(1,1),List(Point(1,1), Point(2,1), Point(0,1), Point(1,2)))
---rotateRight()
Point(1,1)
Tetromino(TCell,Point(1,1),List(Point(1,1), Point(2,1), Point(0,1), Point(1,2)))
Tetromino(TCell,Point(1,1),List(Point(1,1), Point(1,2), Point(1,0), Point(0,1)))
---moveDown()
---moveDown()
---moveDown()
---moveDown()
---moveDown()
---moveDown()
---moveDown()
---moveDown()
---moveDown()
---moveDown()
---rotateRight()
Point(1,1)
Tetromino(ICell,Point(1,1),List(Point(1,1), Point(0,1), Point(2,1), Point(3,1)))
Tetromino(ICell,Point(1,1),List(Point(2,1), Point(2,0), Point(2,2), Point(2,3)))
---moveRight()
---moveRight()
---moveDown()
---moveDown()
---moveDown()
---moveDown()
---moveDown()
---moveDown()
---moveDown()
---rotateRight()
Point(1,1)
Tetromino(TCell,Point(1,1),List(Point(1,1), Point(0,1), Point(2,1), Point(1,0)))
Tetromino(TCell,Point(1,1),List(Point(1,1), Point(1,0), Point(1,2), Point(2,1)))
---rotateRight()
Point(1,1)
Tetromino(TCell,Point(1,1),List(Point(1,1), Point(1,0), Point(1,2), Point(2,1)))
Tetromino(TCell,Point(1,1),List(Point(1,1), Point(2,1), Point(0,1), Point(1,2)))
---rotateRight()
Point(1,1)
Tetromino(TCell,Point(1,1),List(Point(1,1), Point(2,1), Point(0,1), Point(1,2)))
Tetromino(TCell,Point(1,1),List(Point(1,1), Point(1,2), Point(1,0), Point(0,1)))
---moveRight()
---moveRight()
---moveDown()
---moveDown()
---moveDown()
---moveDown()
---moveDown()
---moveDown()
---moveDown()
---moveDown()
---moveDown()
---moveDown()
]]></system-out>
  <system-err><![CDATA[]]></system-err>
</testsuite>
