<?xml version="1.0" encoding="UTF-8"?>
<testsuite name="tetris.SpawnTests" tests="2" skipped="0" failures="0" errors="0" timestamp="2020-10-16T15:01:44" hostname="MacBook-Pro-di-Federico.local" time="0.008">
  <properties/>
  <testcase name="testSpawn" classname="tetris.SpawnTests" time="0.003"/>
  <testcase name="testSpawn2" classname="tetris.SpawnTests" time="0.005"/>
  <system-out><![CDATA[---moveDown()
---moveDown()
---moveDown()
---moveDown()
---moveDown()
---moveDown()
---moveDown()
---moveDown()
---moveDown()
---moveDown()
---moveDown()
---moveDown()
---moveDown()
---moveDown()
---moveDown()
---moveDown()
---moveDown()
---moveDown()
---moveDown()
---moveDown()
---moveDown()
---moveDown()
]]></system-out>
  <system-err><![CDATA[]]></system-err>
</testsuite>
