<?xml version="1.0" encoding="UTF-8"?>
<testsuite name="tetris.FullGameTests" tests="5" skipped="0" failures="0" errors="0" timestamp="2020-10-16T15:01:44" hostname="MacBook-Pro-di-Federico.local" time="0.203">
  <properties/>
  <testcase name="testGame5x9" classname="tetris.FullGameTests" time="0.026"/>
  <testcase name="testGame8x11" classname="tetris.FullGameTests" time="0.087"/>
  <testcase name="testGame6x10" classname="tetris.FullGameTests" time="0.023"/>
  <testcase name="testInterleave5x9and8x11" classname="tetris.FullGameTests" time="0.029"/>
  <testcase name="testInterleave8x11and6x10" classname="tetris.FullGameTests" time="0.034"/>
  <system-out><![CDATA[---rotateRight()
Point(2,1)
Tetromino(ICell,Point(2,1),List(Point(2,1), Point(1,1), Point(3,1), Point(4,1)))
Tetromino(ICell,Point(2,1),List(Point(3,1), Point(3,0), Point(3,2), Point(3,3)))
---moveDown()
---moveDown()
---moveDown()
---moveDown()
---moveDown()
---moveDown()
---moveDown()
---moveDown()
---moveDown()
---moveDown()
---moveDown()
---rotateRight()
Point(2,1)
Tetromino(ICell,Point(2,1),List(Point(2,1), Point(1,1), Point(3,1), Point(4,1)))
Tetromino(ICell,Point(2,1),List(Point(3,1), Point(3,0), Point(3,2), Point(3,3)))
---moveLeft()
---moveLeft()
---moveDown()
---moveDown()
---moveDown()
---moveDown()
---moveDown()
---moveDown()
---moveDown()
---moveDown()
---moveDown()
---moveDown()
---moveDown()
---moveLeft()
---moveLeft()
---moveLeft()
---moveLeft()
---moveDown()
---moveDown()
---moveDown()
---moveDown()
---moveDown()
---moveDown()
---moveDown()
---moveDown()
---moveDown()
---moveDown()
---moveDown()
---moveDown()
---moveDown()
---moveDown()
---moveDown()
---rotateRight()
Point(2,1)
Tetromino(ICell,Point(2,1),List(Point(2,1), Point(1,1), Point(3,1), Point(4,1)))
Tetromino(ICell,Point(2,1),List(Point(3,1), Point(3,0), Point(3,2), Point(3,3)))
---moveLeft()
---moveLeft()
---moveLeft()
---moveLeft()
---moveLeft()
---moveLeft()
---moveDown()
---moveDown()
---moveDown()
---moveDown()
---moveDown()
---moveDown()
---moveDown()
---rotateRight()
Point(2,1)
Tetromino(JCell,Point(2,1),List(Point(2,1), Point(1,1), Point(1,0), Point(3,1)))
Tetromino(JCell,Point(2,1),List(Point(2,1), Point(2,0), Point(3,0), Point(2,2)))
---moveLeft()
---moveLeft()
---moveDown()
---moveDown()
---moveDown()
---moveDown()
---moveDown()
---moveDown()
---moveDown()
---moveDown()
---moveDown()
---rotateRight()
Point(2,1)
Tetromino(SCell,Point(2,1),List(Point(2,1), Point(1,1), Point(2,0), Point(3,0)))
Tetromino(SCell,Point(2,1),List(Point(2,1), Point(2,0), Point(3,1), Point(3,2)))
---moveRight()
---moveRight()
---moveDown()
---moveDown()
---moveDown()
---moveDown()
---moveDown()
---moveDown()
---moveDown()
---rotateRight()
Point(2,1)
Tetromino(LCell,Point(2,1),List(Point(2,1), Point(1,1), Point(3,0), Point(3,1)))
Tetromino(LCell,Point(2,1),List(Point(2,1), Point(2,0), Point(3,2), Point(2,2)))
---moveLeft()
---moveLeft()
---moveDown()
---moveDown()
---moveDown()
---moveDown()
---moveDown()
---moveDown()
---moveDown()
---rotateRight()
Point(2,1)
Tetromino(JCell,Point(2,1),List(Point(2,1), Point(1,1), Point(1,0), Point(3,1)))
Tetromino(JCell,Point(2,1),List(Point(2,1), Point(2,0), Point(3,0), Point(2,2)))
---moveLeft()
---moveLeft()
---moveLeft()
---moveLeft()
---moveDown()
---moveDown()
---moveDown()
---moveDown()
---moveDown()
---moveRight()
---moveRight()
---rotateRight()
Point(3,1)
Tetromino(SCell,Point(3,1),List(Point(3,1), Point(2,1), Point(3,0), Point(4,0)))
Tetromino(SCell,Point(3,1),List(Point(3,1), Point(3,0), Point(4,1), Point(4,2)))
---moveRight()
---moveDown()
---moveDown()
---moveDown()
---moveDown()
---moveDown()
---moveDown()
---moveDown()
---moveRight()
---moveRight()
---rotateRight()
Point(3,1)
Tetromino(ZCell,Point(3,1),List(Point(3,1), Point(3,0), Point(2,0), Point(4,1)))
Tetromino(ZCell,Point(3,1),List(Point(3,1), Point(4,1), Point(4,0), Point(3,2)))
---moveLeft()
---moveLeft()
---moveDown()
---moveDown()
---moveDown()
---moveDown()
---moveDown()
---moveLeft()
---moveLeft()
---moveDown()
---moveDown()
---moveDown()
---moveRight()
---moveRight()
---moveRight()
---moveRight()
---moveDown()
---moveDown()
---moveDown()
---moveDown()
---moveDown()
---moveDown()
---moveDown()
---moveDown()
---moveDown()
---moveDown()
---moveDown()
---moveDown()
---moveDown()
---moveDown()
---moveDown()
---moveDown()
---moveDown()
---moveDown()
---moveDown()
---rotateRight()
Point(3,1)
Tetromino(ZCell,Point(3,1),List(Point(3,1), Point(3,0), Point(2,0), Point(4,1)))
Tetromino(ZCell,Point(3,1),List(Point(3,1), Point(4,1), Point(4,0), Point(3,2)))
---moveDown()
---moveDown()
---moveDown()
---moveDown()
---moveDown()
---moveDown()
---moveDown()
---moveDown()
---moveDown()
---moveDown()
---moveDown()
---moveDown()
---moveDown()
---moveDown()
---moveDown()
---moveDown()
---moveDown()
---moveLeft()
---moveLeft()
---rotateRight()
Point(2,1)
Tetromino(SCell,Point(2,1),List(Point(2,1), Point(1,1), Point(2,0), Point(3,0)))
Tetromino(SCell,Point(2,1),List(Point(2,1), Point(2,0), Point(3,1), Point(3,2)))
---moveLeft()
---moveLeft()
---moveDown()
---moveDown()
---moveDown()
---moveDown()
---moveDown()
---moveDown()
---moveDown()
---moveDown()
---moveDown()
---moveDown()
---moveDown()
---moveDown()
---moveDown()
---moveDown()
---moveDown()
---moveDown()
---moveDown()
---rotateRight()
Point(3,1)
Tetromino(ICell,Point(3,1),List(Point(3,1), Point(2,1), Point(4,1), Point(5,1)))
Tetromino(ICell,Point(3,1),List(Point(4,1), Point(4,0), Point(4,2), Point(4,3)))
---moveLeft()
---moveLeft()
---moveLeft()
---moveLeft()
---moveLeft()
---moveLeft()
---moveLeft()
---moveLeft()
---moveLeft()
---moveDown()
---moveDown()
---moveDown()
---moveDown()
---moveDown()
---moveDown()
---moveDown()
---moveDown()
---moveDown()
---moveDown()
---moveDown()
---moveDown()
---moveDown()
---moveDown()
---moveDown()
---moveLeft()
---moveLeft()
---moveDown()
---moveDown()
---moveLeft()
---moveLeft()
---moveDown()
---moveDown()
---moveDown()
---moveDown()
---moveDown()
---moveDown()
---moveDown()
---moveDown()
---moveRight()
---moveRight()
---moveDown()
---moveDown()
---moveDown()
---moveDown()
---moveDown()
---moveLeft()
---moveLeft()
---moveDown()
---moveDown()
---moveDown()
---moveDown()
---moveDown()
---moveDown()
---moveDown()
---moveDown()
---moveDown()
---moveDown()
---moveDown()
---rotateRight()
Point(3,1)
Tetromino(LCell,Point(3,1),List(Point(3,1), Point(2,1), Point(4,0), Point(4,1)))
Tetromino(LCell,Point(3,1),List(Point(3,1), Point(3,0), Point(4,2), Point(3,2)))
---moveRight()
---moveRight()
---moveRight()
---moveRight()
---rotateRight()
Point(5,1)
Tetromino(LCell,Point(5,1),List(Point(5,1), Point(5,0), Point(6,2), Point(5,2)))
Tetromino(LCell,Point(5,1),List(Point(5,1), Point(6,1), Point(4,2), Point(4,1)))
---rotateRight()
Point(5,1)
Tetromino(LCell,Point(5,1),List(Point(5,1), Point(6,1), Point(4,2), Point(4,1)))
Tetromino(LCell,Point(5,1),List(Point(5,1), Point(5,2), Point(4,0), Point(5,0)))
---moveRight()
---moveRight()
---moveRight()
---moveRight()
---moveDown()
---moveDown()
---moveDown()
---moveDown()
---moveDown()
---moveDown()
---moveDown()
---moveDown()
---moveDown()
---moveDown()
---moveDown()
---moveDown()
---moveDown()
---moveDown()
---moveDown()
---moveDown()
---moveDown()
---moveRight()
---moveRight()
---moveRight()
---moveRight()
---rotateRight()
Point(5,1)
Tetromino(TCell,Point(5,1),List(Point(5,1), Point(4,1), Point(6,1), Point(5,0)))
Tetromino(TCell,Point(5,1),List(Point(5,1), Point(5,0), Point(5,2), Point(6,1)))
---rotateRight()
Point(5,1)
Tetromino(TCell,Point(5,1),List(Point(5,1), Point(5,0), Point(5,2), Point(6,1)))
Tetromino(TCell,Point(5,1),List(Point(5,1), Point(6,1), Point(4,1), Point(5,2)))
---moveDown()
---moveDown()
---moveDown()
---moveDown()
---moveDown()
---moveDown()
---moveDown()
---moveDown()
---moveDown()
---moveDown()
---moveDown()
---moveDown()
---moveDown()
---moveRight()
---moveRight()
---rotateRight()
Point(4,1)
Tetromino(SCell,Point(4,1),List(Point(4,1), Point(3,1), Point(4,0), Point(5,0)))
Tetromino(SCell,Point(4,1),List(Point(4,1), Point(4,0), Point(5,1), Point(5,2)))
---moveRight()
---moveRight()
---moveRight()
---moveRight()
---moveDown()
---moveDown()
---moveDown()
---moveDown()
---moveDown()
---moveDown()
---moveDown()
---moveDown()
---moveDown()
---moveDown()
---moveDown()
---moveDown()
---moveDown()
---moveLeft()
---moveLeft()
---rotateRight()
Point(2,1)
Tetromino(TCell,Point(2,1),List(Point(2,1), Point(1,1), Point(3,1), Point(2,0)))
Tetromino(TCell,Point(2,1),List(Point(2,1), Point(2,0), Point(2,2), Point(3,1)))
---moveLeft()
---moveLeft()
---rotateRight()
Point(1,1)
Tetromino(TCell,Point(1,1),List(Point(1,1), Point(1,0), Point(1,2), Point(2,1)))
Tetromino(TCell,Point(1,1),List(Point(1,1), Point(2,1), Point(0,1), Point(1,2)))
---rotateRight()
Point(1,1)
Tetromino(TCell,Point(1,1),List(Point(1,1), Point(2,1), Point(0,1), Point(1,2)))
Tetromino(TCell,Point(1,1),List(Point(1,1), Point(1,2), Point(1,0), Point(0,1)))
---moveDown()
---moveDown()
---moveDown()
---moveDown()
---moveDown()
---moveDown()
---moveDown()
---moveDown()
---moveDown()
---moveDown()
---moveDown()
---moveDown()
---moveDown()
---rotateRight()
Point(3,1)
Tetromino(SCell,Point(3,1),List(Point(3,1), Point(2,1), Point(3,0), Point(4,0)))
Tetromino(SCell,Point(3,1),List(Point(3,1), Point(3,0), Point(4,1), Point(4,2)))
---moveRight()
---moveRight()
---moveDown()
---moveDown()
---moveDown()
---moveDown()
---moveDown()
---moveDown()
---moveDown()
---moveDown()
---moveDown()
---moveDown()
---moveDown()
---moveDown()
---moveDown()
---moveDown()
---moveDown()
---moveLeft()
---moveLeft()
---moveLeft()
---moveLeft()
---moveDown()
---moveDown()
---moveRight()
---moveRight()
---moveDown()
---moveDown()
---moveDown()
---moveDown()
---moveDown()
---moveDown()
---moveDown()
---moveDown()
---moveDown()
---moveDown()
---moveDown()
---moveDown()
---moveDown()
---rotateRight()
Point(3,1)
Tetromino(LCell,Point(3,1),List(Point(3,1), Point(2,1), Point(4,0), Point(4,1)))
Tetromino(LCell,Point(3,1),List(Point(3,1), Point(3,0), Point(4,2), Point(3,2)))
---rotateRight()
Point(3,1)
Tetromino(LCell,Point(3,1),List(Point(3,1), Point(3,0), Point(4,2), Point(3,2)))
Tetromino(LCell,Point(3,1),List(Point(3,1), Point(4,1), Point(2,2), Point(2,1)))
---rotateRight()
Point(3,1)
Tetromino(LCell,Point(3,1),List(Point(3,1), Point(4,1), Point(2,2), Point(2,1)))
Tetromino(LCell,Point(3,1),List(Point(3,1), Point(3,2), Point(2,0), Point(3,0)))
---moveRight()
---moveRight()
---moveDown()
---moveDown()
---moveDown()
---moveDown()
---moveDown()
---moveDown()
---moveDown()
---moveDown()
---moveDown()
---moveDown()
---moveDown()
---moveDown()
---moveDown()
---rotateRight()
Point(3,1)
Tetromino(JCell,Point(3,1),List(Point(3,1), Point(2,1), Point(2,0), Point(4,1)))
Tetromino(JCell,Point(3,1),List(Point(3,1), Point(3,0), Point(4,0), Point(3,2)))
---moveRight()
---moveRight()
---rotateRight()
Point(4,1)
Tetromino(JCell,Point(4,1),List(Point(4,1), Point(4,0), Point(5,0), Point(4,2)))
Tetromino(JCell,Point(4,1),List(Point(4,1), Point(5,1), Point(5,2), Point(3,1)))
---moveRight()
---moveRight()
---moveRight()
---moveRight()
---moveRight()
---moveDown()
---moveDown()
---moveDown()
---moveDown()
---moveDown()
---moveDown()
---moveDown()
---moveDown()
---moveDown()
---moveDown()
---moveDown()
---moveDown()
---moveDown()
---moveDown()
---moveDown()
---moveLeft()
---moveLeft()
---rotateRight()
Point(2,1)
Tetromino(TCell,Point(2,1),List(Point(2,1), Point(1,1), Point(3,1), Point(2,0)))
Tetromino(TCell,Point(2,1),List(Point(2,1), Point(2,0), Point(2,2), Point(3,1)))
---moveLeft()
---moveLeft()
---moveLeft()
---moveLeft()
---moveDown()
---moveDown()
---moveDown()
---moveDown()
---moveDown()
---moveDown()
---moveDown()
---moveDown()
---moveDown()
---moveDown()
---moveDown()
---moveDown()
---moveDown()
---moveDown()
---moveDown()
---rotateRight()
Point(3,1)
Tetromino(JCell,Point(3,1),List(Point(3,1), Point(2,1), Point(2,0), Point(4,1)))
Tetromino(JCell,Point(3,1),List(Point(3,1), Point(3,0), Point(4,0), Point(3,2)))
---rotateRight()
Point(3,1)
Tetromino(JCell,Point(3,1),List(Point(3,1), Point(3,0), Point(4,0), Point(3,2)))
Tetromino(JCell,Point(3,1),List(Point(3,1), Point(4,1), Point(4,2), Point(2,1)))
---rotateRight()
Point(3,1)
Tetromino(JCell,Point(3,1),List(Point(3,1), Point(4,1), Point(4,2), Point(2,1)))
Tetromino(JCell,Point(3,1),List(Point(3,1), Point(3,2), Point(2,2), Point(3,0)))
---moveRight()
---moveRight()
---moveRight()
---moveRight()
---moveRight()
---moveRight()
---moveRight()
---moveRight()
---moveDown()
---moveDown()
---moveDown()
---moveDown()
---moveDown()
---moveDown()
---moveDown()
---moveDown()
---moveDown()
---moveDown()
---moveDown()
---moveDown()
---moveDown()
---rotateRight()
Point(3,1)
Tetromino(SCell,Point(3,1),List(Point(3,1), Point(2,1), Point(3,0), Point(4,0)))
Tetromino(SCell,Point(3,1),List(Point(3,1), Point(3,0), Point(4,1), Point(4,2)))
---moveLeft()
---moveLeft()
---moveLeft()
---moveLeft()
---moveLeft()
---moveLeft()
---moveDown()
---moveDown()
---moveDown()
---moveDown()
---moveDown()
---moveDown()
---moveDown()
---moveDown()
---moveDown()
---moveDown()
---moveDown()
---moveDown()
---moveDown()
---rotateRight()
Point(3,1)
Tetromino(ZCell,Point(3,1),List(Point(3,1), Point(3,0), Point(2,0), Point(4,1)))
Tetromino(ZCell,Point(3,1),List(Point(3,1), Point(4,1), Point(4,0), Point(3,2)))
---moveLeft()
---moveLeft()
---moveDown()
---moveDown()
---moveDown()
---moveDown()
---moveDown()
---moveDown()
---moveDown()
---moveDown()
---moveDown()
---moveDown()
---moveDown()
---rotateRight()
Point(3,1)
Tetromino(ZCell,Point(3,1),List(Point(3,1), Point(3,0), Point(2,0), Point(4,1)))
Tetromino(ZCell,Point(3,1),List(Point(3,1), Point(4,1), Point(4,0), Point(3,2)))
---moveLeft()
---moveLeft()
---moveLeft()
---moveLeft()
---moveDown()
---moveDown()
---moveDown()
---moveDown()
---moveDown()
---moveDown()
---moveDown()
---moveDown()
---moveDown()
---moveRight()
---moveRight()
---moveLeft()
---moveLeft()
---rotateRight()
Point(3,1)
Tetromino(TCell,Point(3,1),List(Point(3,1), Point(2,1), Point(4,1), Point(3,0)))
Tetromino(TCell,Point(3,1),List(Point(3,1), Point(3,0), Point(3,2), Point(4,1)))
---moveLeft()
---moveLeft()
---moveLeft()
---moveLeft()
---moveLeft()
---moveLeft()
---moveDown()
---moveDown()
---moveDown()
---moveDown()
---moveDown()
---moveDown()
---moveDown()
---moveRight()
---moveRight()
---moveRight()
---moveRight()
---moveLeft()
---moveLeft()
---moveRight()
---moveRight()
---moveDown()
---moveDown()
---moveDown()
---moveDown()
---moveDown()
---moveDown()
---moveDown()
---moveDown()
---moveDown()
---moveDown()
---moveDown()
---moveDown()
---moveRight()
---moveDown()
---rotateRight()
Point(3,1)
Tetromino(ZCell,Point(3,1),List(Point(3,1), Point(3,0), Point(2,0), Point(4,1)))
Tetromino(ZCell,Point(3,1),List(Point(3,1), Point(4,1), Point(4,0), Point(3,2)))
---moveRight()
---moveRight()
---moveRight()
---moveRight()
---moveLeft()
---moveLeft()
---moveDown()
---moveDown()
---moveDown()
---moveDown()
---moveDown()
---moveDown()
---moveDown()
---moveDown()
---moveDown()
---moveDown()
---moveDown()
---rotateRight()
Point(3,1)
Tetromino(TCell,Point(3,1),List(Point(3,1), Point(2,1), Point(4,1), Point(3,0)))
Tetromino(TCell,Point(3,1),List(Point(3,1), Point(3,0), Point(3,2), Point(4,1)))
---rotateRight()
Point(3,1)
Tetromino(TCell,Point(3,1),List(Point(3,1), Point(3,0), Point(3,2), Point(4,1)))
Tetromino(TCell,Point(3,1),List(Point(3,1), Point(4,1), Point(2,1), Point(3,2)))
---rotateRight()
Point(3,1)
Tetromino(TCell,Point(3,1),List(Point(3,1), Point(4,1), Point(2,1), Point(3,2)))
Tetromino(TCell,Point(3,1),List(Point(3,1), Point(3,2), Point(3,0), Point(2,1)))
---rotateRight()
Point(3,1)
Tetromino(TCell,Point(3,1),List(Point(3,1), Point(3,2), Point(3,0), Point(2,1)))
Tetromino(TCell,Point(3,1),List(Point(3,1), Point(2,1), Point(4,1), Point(3,0)))
---rotateRight()
Point(3,1)
Tetromino(TCell,Point(3,1),List(Point(3,1), Point(2,1), Point(4,1), Point(3,0)))
Tetromino(TCell,Point(3,1),List(Point(3,1), Point(3,0), Point(3,2), Point(4,1)))
---moveRight()
---moveRight()
---moveDown()
---moveDown()
---moveDown()
---moveDown()
---moveDown()
---moveDown()
---moveDown()
---moveDown()
---moveDown()
---rotateRight()
Point(3,1)
Tetromino(TCell,Point(3,1),List(Point(3,1), Point(2,1), Point(4,1), Point(3,0)))
Tetromino(TCell,Point(3,1),List(Point(3,1), Point(3,0), Point(3,2), Point(4,1)))
---rotateRight()
Point(3,1)
Tetromino(TCell,Point(3,1),List(Point(3,1), Point(3,0), Point(3,2), Point(4,1)))
Tetromino(TCell,Point(3,1),List(Point(3,1), Point(4,1), Point(2,1), Point(3,2)))
---rotateRight()
Point(3,1)
Tetromino(TCell,Point(3,1),List(Point(3,1), Point(4,1), Point(2,1), Point(3,2)))
Tetromino(TCell,Point(3,1),List(Point(3,1), Point(3,2), Point(3,0), Point(2,1)))
---moveDown()
---moveDown()
---moveDown()
---moveDown()
---moveDown()
---moveDown()
---moveDown()
---moveDown()
---moveDown()
---rotateRight()
Point(3,1)
Tetromino(ZCell,Point(3,1),List(Point(3,1), Point(3,0), Point(2,0), Point(4,1)))
Tetromino(ZCell,Point(3,1),List(Point(3,1), Point(4,1), Point(4,0), Point(3,2)))
---moveLeft()
---moveLeft()
---moveLeft()
---moveLeft()
---moveDown()
---moveDown()
---moveDown()
---moveDown()
---moveDown()
---moveDown()
---moveDown()
---rotateRight()
Point(3,1)
Tetromino(ICell,Point(3,1),List(Point(3,1), Point(2,1), Point(4,1), Point(5,1)))
Tetromino(ICell,Point(3,1),List(Point(4,1), Point(4,0), Point(4,2), Point(4,3)))
---moveRight()
---moveRight()
---moveRight()
---moveRight()
---moveRight()
---moveRight()
---moveLeft()
---moveLeft()
---moveDown()
---moveDown()
---moveDown()
---moveDown()
---moveDown()
---moveDown()
---moveDown()
---moveDown()
---moveDown()
---moveRight()
---moveRight()
---moveRight()
---moveRight()
---moveLeft()
---moveLeft()
---moveLeft()
---moveLeft()
---moveLeft()
---moveLeft()
---moveLeft()
---moveLeft()
---rotateRight()
Point(1,1)
Tetromino(ZCell,Point(1,1),List(Point(1,1), Point(1,0), Point(0,0), Point(2,1)))
Tetromino(ZCell,Point(1,1),List(Point(1,1), Point(2,1), Point(2,0), Point(1,2)))
---moveLeft()
---moveLeft()
---moveLeft()
---moveDown()
---moveDown()
---moveDown()
---moveDown()
---moveDown()
---rotateRight()
Point(3,1)
Tetromino(SCell,Point(3,1),List(Point(3,1), Point(2,1), Point(3,0), Point(4,0)))
Tetromino(SCell,Point(3,1),List(Point(3,1), Point(3,0), Point(4,1), Point(4,2)))
---moveRight()
---moveRight()
---moveDown()
---moveDown()
---moveDown()
---moveDown()
---moveDown()
---moveRight()
---moveRight()
---moveRight()
---moveRight()
---moveRight()
---moveRight()
---moveDown()
---moveDown()
---moveDown()
---moveDown()
---moveDown()
---moveLeft()
---moveLeft()
---moveLeft()
---moveLeft()
---moveRight()
---moveRight()
---moveDown()
---moveDown()
---moveDown()
---rotateRight()
Point(2,1)
Tetromino(JCell,Point(2,1),List(Point(2,1), Point(1,1), Point(1,0), Point(3,1)))
Tetromino(JCell,Point(2,1),List(Point(2,1), Point(2,0), Point(3,0), Point(2,2)))
---rotateRight()
Point(2,1)
Tetromino(JCell,Point(2,1),List(Point(2,1), Point(2,0), Point(3,0), Point(2,2)))
Tetromino(JCell,Point(2,1),List(Point(2,1), Point(3,1), Point(3,2), Point(1,1)))
---rotateRight()
Point(2,1)
Tetromino(JCell,Point(2,1),List(Point(2,1), Point(3,1), Point(3,2), Point(1,1)))
Tetromino(JCell,Point(2,1),List(Point(2,1), Point(2,2), Point(1,2), Point(2,0)))
---moveRight()
---moveRight()
---moveRight()
---moveRight()
---moveDown()
---moveDown()
---moveDown()
---moveDown()
---moveDown()
---moveDown()
---moveDown()
---moveDown()
---moveDown()
---moveDown()
---moveDown()
---moveDown()
---moveDown()
---moveDown()
---moveDown()
---moveRight()
---moveRight()
---moveDown()
---moveDown()
---moveDown()
---moveDown()
---moveDown()
---moveDown()
---moveLeft()
---moveLeft()
---moveDown()
---moveDown()
---moveDown()
---moveDown()
---moveDown()
---moveDown()
---moveDown()
---moveDown()
---moveDown()
---moveDown()
---rotateRight()
Point(2,9)
Tetromino(SCell,Point(2,9),List(Point(2,9), Point(1,9), Point(2,8), Point(3,8)))
Tetromino(SCell,Point(2,9),List(Point(2,9), Point(2,8), Point(3,9), Point(3,10)))
---moveDown()
---rotateRight()
Point(2,1)
Tetromino(JCell,Point(2,1),List(Point(2,1), Point(1,1), Point(1,0), Point(3,1)))
Tetromino(JCell,Point(2,1),List(Point(2,1), Point(2,0), Point(3,0), Point(2,2)))
---rotateRight()
Point(2,1)
Tetromino(JCell,Point(2,1),List(Point(2,1), Point(2,0), Point(3,0), Point(2,2)))
Tetromino(JCell,Point(2,1),List(Point(2,1), Point(3,1), Point(3,2), Point(1,1)))
---rotateRight()
Point(2,1)
Tetromino(JCell,Point(2,1),List(Point(2,1), Point(3,1), Point(3,2), Point(1,1)))
Tetromino(JCell,Point(2,1),List(Point(2,1), Point(2,2), Point(1,2), Point(2,0)))
---moveRight()
---moveRight()
---moveDown()
---moveDown()
---moveDown()
---moveDown()
---moveDown()
---moveDown()
---moveDown()
---moveDown()
---moveDown()
---moveDown()
---moveDown()
---rotateRight()
Point(2,1)
Tetromino(JCell,Point(2,1),List(Point(2,1), Point(1,1), Point(1,0), Point(3,1)))
Tetromino(JCell,Point(2,1),List(Point(2,1), Point(2,0), Point(3,0), Point(2,2)))
---moveDown()
---moveDown()
---moveDown()
---moveDown()
---moveDown()
---moveDown()
---moveDown()
---moveDown()
---moveDown()
---rotateRight()
Point(2,1)
Tetromino(TCell,Point(2,1),List(Point(2,1), Point(1,1), Point(3,1), Point(2,0)))
Tetromino(TCell,Point(2,1),List(Point(2,1), Point(2,0), Point(2,2), Point(3,1)))
---moveLeft()
---moveLeft()
---moveLeft()
---moveLeft()
---moveDown()
---moveDown()
---moveDown()
---moveDown()
---moveDown()
---moveDown()
---moveDown()
---moveDown()
---moveDown()
---moveDown()
---moveDown()
---moveDown()
---moveDown()
---moveDown()
---moveLeft()
---moveDown()
---moveLeft()
---moveLeft()
---moveLeft()
---moveLeft()
---moveDown()
---moveDown()
---moveDown()
---moveDown()
---moveDown()
---moveDown()
---moveDown()
---moveDown()
---moveDown()
---moveDown()
---moveDown()
---rotateRight()
Point(2,1)
Tetromino(JCell,Point(2,1),List(Point(2,1), Point(1,1), Point(1,0), Point(3,1)))
Tetromino(JCell,Point(2,1),List(Point(2,1), Point(2,0), Point(3,0), Point(2,2)))
---rotateRight()
Point(2,1)
Tetromino(JCell,Point(2,1),List(Point(2,1), Point(2,0), Point(3,0), Point(2,2)))
Tetromino(JCell,Point(2,1),List(Point(2,1), Point(3,1), Point(3,2), Point(1,1)))
---rotateRight()
Point(2,1)
Tetromino(JCell,Point(2,1),List(Point(2,1), Point(3,1), Point(3,2), Point(1,1)))
Tetromino(JCell,Point(2,1),List(Point(2,1), Point(2,2), Point(1,2), Point(2,0)))
---moveLeft()
---moveLeft()
---moveDown()
---moveDown()
---moveDown()
---moveDown()
---moveDown()
---rotateRight()
Point(2,1)
Tetromino(JCell,Point(2,1),List(Point(2,1), Point(1,1), Point(1,0), Point(3,1)))
Tetromino(JCell,Point(2,1),List(Point(2,1), Point(2,0), Point(3,0), Point(2,2)))
---rotateRight()
Point(2,1)
Tetromino(JCell,Point(2,1),List(Point(2,1), Point(2,0), Point(3,0), Point(2,2)))
Tetromino(JCell,Point(2,1),List(Point(2,1), Point(3,1), Point(3,2), Point(1,1)))
---rotateRight()
Point(2,1)
Tetromino(JCell,Point(2,1),List(Point(2,1), Point(3,1), Point(3,2), Point(1,1)))
Tetromino(JCell,Point(2,1),List(Point(2,1), Point(2,2), Point(1,2), Point(2,0)))
---moveRight()
---moveRight()
---rotateRight()
Point(3,1)
Tetromino(JCell,Point(3,1),List(Point(3,1), Point(4,1), Point(4,2), Point(2,1)))
Tetromino(JCell,Point(3,1),List(Point(3,1), Point(3,2), Point(2,2), Point(3,0)))
---moveRight()
---moveRight()
---moveRight()
---moveRight()
---moveDown()
---moveDown()
---moveDown()
---moveDown()
---moveDown()
---moveDown()
---moveDown()
---moveDown()
---moveDown()
---moveRight()
---moveRight()
---rotateRight()
Point(3,1)
Tetromino(TCell,Point(3,1),List(Point(3,1), Point(2,1), Point(4,1), Point(3,0)))
Tetromino(TCell,Point(3,1),List(Point(3,1), Point(3,0), Point(3,2), Point(4,1)))
---rotateRight()
Point(3,1)
Tetromino(TCell,Point(3,1),List(Point(3,1), Point(3,0), Point(3,2), Point(4,1)))
Tetromino(TCell,Point(3,1),List(Point(3,1), Point(4,1), Point(2,1), Point(3,2)))
---moveRight()
---moveRight()
---moveDown()
---moveDown()
---moveDown()
---moveDown()
---moveDown()
---moveDown()
---moveDown()
---moveRight()
---moveRight()
---moveRight()
---moveRight()
---moveLeft()
---moveLeft()
---moveDown()
---moveDown()
---moveRight()
---moveRight()
---moveDown()
---moveDown()
---moveDown()
---moveDown()
---moveDown()
---rotateRight()
Point(2,1)
Tetromino(SCell,Point(2,1),List(Point(2,1), Point(1,1), Point(2,0), Point(3,0)))
Tetromino(SCell,Point(2,1),List(Point(2,1), Point(2,0), Point(3,1), Point(3,2)))
---moveLeft()
---moveLeft()
---moveDown()
---moveDown()
---moveDown()
---moveDown()
---moveDown()
---moveRight()
---moveRight()
---rotateRight()
Point(3,1)
Tetromino(JCell,Point(3,1),List(Point(3,1), Point(2,1), Point(2,0), Point(4,1)))
Tetromino(JCell,Point(3,1),List(Point(3,1), Point(3,0), Point(4,0), Point(3,2)))
---moveDown()
---moveDown()
---moveDown()
---moveDown()
---moveDown()
---moveRight()
---moveRight()
---moveRight()
---moveRight()
---moveRight()
---moveDown()
---moveLeft()
---moveLeft()
---moveLeft()
---moveLeft()
---moveLeft()
---moveDown()
---rotateRight()
Point(2,1)
Tetromino(ICell,Point(2,1),List(Point(2,1), Point(1,1), Point(3,1), Point(4,1)))
Tetromino(ICell,Point(2,1),List(Point(3,1), Point(3,0), Point(3,2), Point(3,3)))
---moveRight()
---moveRight()
---moveDown()
---moveDown()
---moveRight()
---moveRight()
---moveDown()
---moveDown()
---moveDown()
---moveDown()
---moveDown()
---moveDown()
---moveDown()
---moveDown()
---moveDown()
---moveDown()
---moveDown()
---moveDown()
---moveDown()
---moveDown()
---moveDown()
---moveDown()
---moveDown()
---moveDown()
---moveDown()
---rotateRight()
Point(2,1)
Tetromino(ICell,Point(2,1),List(Point(2,1), Point(1,1), Point(3,1), Point(4,1)))
Tetromino(ICell,Point(2,1),List(Point(3,1), Point(3,0), Point(3,2), Point(3,3)))
---moveDown()
---moveDown()
---moveLeft()
---moveLeft()
---moveDown()
---moveDown()
---moveDown()
---moveDown()
---moveDown()
---moveDown()
---moveDown()
---moveDown()
---moveDown()
---moveDown()
---moveDown()
---moveDown()
---moveDown()
---moveDown()
---moveDown()
---rotateRight()
Point(3,1)
Tetromino(ZCell,Point(3,1),List(Point(3,1), Point(3,0), Point(2,0), Point(4,1)))
Tetromino(ZCell,Point(3,1),List(Point(3,1), Point(4,1), Point(4,0), Point(3,2)))
---moveDown()
---moveDown()
---moveDown()
---moveDown()
---moveDown()
---moveDown()
---moveDown()
---moveLeft()
---moveLeft()
---moveDown()
---moveDown()
---moveLeft()
---moveLeft()
---moveDown()
---moveDown()
---moveDown()
---moveDown()
---moveDown()
---moveDown()
---moveDown()
---moveDown()
---moveDown()
---moveDown()
---moveDown()
---moveDown()
---moveDown()
---moveDown()
---moveDown()
---moveDown()
---moveDown()
---moveDown()
---moveDown()
---moveDown()
---moveDown()
---moveDown()
---moveDown()
---moveLeft()
---moveLeft()
---moveDown()
---moveDown()
---rotateRight()
Point(2,1)
Tetromino(SCell,Point(2,1),List(Point(2,1), Point(1,1), Point(2,0), Point(3,0)))
Tetromino(SCell,Point(2,1),List(Point(2,1), Point(2,0), Point(3,1), Point(3,2)))
---moveDown()
---moveLeft()
---moveLeft()
---rotateRight()
Point(2,1)
Tetromino(ICell,Point(2,1),List(Point(2,1), Point(1,1), Point(3,1), Point(4,1)))
Tetromino(ICell,Point(2,1),List(Point(3,1), Point(3,0), Point(3,2), Point(3,3)))
---moveDown()
---moveDown()
---moveLeft()
---moveLeft()
---moveDown()
---moveDown()
---moveLeft()
---moveLeft()
---moveDown()
---moveDown()
---moveLeft()
---moveLeft()
---moveDown()
---moveDown()
---moveDown()
---moveDown()
---moveDown()
---moveDown()
---moveDown()
---moveDown()
---moveDown()
---moveDown()
---moveDown()
---moveDown()
---moveDown()
---moveDown()
---moveDown()
---moveDown()
---moveDown()
---rotateRight()
Point(2,1)
Tetromino(JCell,Point(2,1),List(Point(2,1), Point(1,1), Point(1,0), Point(3,1)))
Tetromino(JCell,Point(2,1),List(Point(2,1), Point(2,0), Point(3,0), Point(2,2)))
---moveDown()
---moveLeft()
---moveLeft()
---rotateRight()
Point(3,1)
Tetromino(ICell,Point(3,1),List(Point(3,1), Point(2,1), Point(4,1), Point(5,1)))
Tetromino(ICell,Point(3,1),List(Point(4,1), Point(4,0), Point(4,2), Point(4,3)))
---moveDown()
---moveDown()
---moveLeft()
---moveLeft()
---moveDown()
---moveDown()
---moveLeft()
---moveLeft()
---moveDown()
---moveDown()
---moveLeft()
---moveLeft()
---moveDown()
---moveDown()
---moveLeft()
---moveLeft()
---moveDown()
---moveLeft()
---rotateRight()
Point(2,1)
Tetromino(SCell,Point(2,1),List(Point(2,1), Point(1,1), Point(2,0), Point(3,0)))
Tetromino(SCell,Point(2,1),List(Point(2,1), Point(2,0), Point(3,1), Point(3,2)))
---moveDown()
---moveDown()
---moveRight()
---moveRight()
---moveDown()
---moveDown()
---moveDown()
---moveDown()
---moveDown()
---moveDown()
---moveDown()
---moveDown()
---moveDown()
---moveDown()
---moveDown()
---moveDown()
---moveDown()
---moveDown()
---moveDown()
---moveDown()
---moveDown()
---rotateRight()
Point(2,1)
Tetromino(LCell,Point(2,1),List(Point(2,1), Point(1,1), Point(3,0), Point(3,1)))
Tetromino(LCell,Point(2,1),List(Point(2,1), Point(2,0), Point(3,2), Point(2,2)))
---moveDown()
---moveDown()
---moveLeft()
---moveLeft()
---moveDown()
---moveDown()
---moveDown()
---moveLeft()
---moveLeft()
---moveDown()
---moveDown()
---moveDown()
---moveDown()
---moveDown()
---moveDown()
---moveLeft()
---moveLeft()
---moveDown()
---moveDown()
---moveDown()
---rotateRight()
Point(2,1)
Tetromino(JCell,Point(2,1),List(Point(2,1), Point(1,1), Point(1,0), Point(3,1)))
Tetromino(JCell,Point(2,1),List(Point(2,1), Point(2,0), Point(3,0), Point(2,2)))
---moveDown()
---moveDown()
---moveLeft()
---moveLeft()
---moveDown()
---moveDown()
---moveLeft()
---moveLeft()
---moveDown()
---moveDown()
---moveDown()
---moveDown()
---moveRight()
---moveRight()
---moveDown()
---moveDown()
---moveDown()
---moveDown()
---moveDown()
---moveDown()
---moveDown()
---moveRight()
---moveRight()
---moveDown()
---rotateRight()
Point(3,1)
Tetromino(SCell,Point(3,1),List(Point(3,1), Point(2,1), Point(3,0), Point(4,0)))
Tetromino(SCell,Point(3,1),List(Point(3,1), Point(3,0), Point(4,1), Point(4,2)))
---moveLeft()
---moveLeft()
---moveRight()
---moveDown()
---moveDown()
---moveDown()
---moveDown()
---moveDown()
---moveDown()
---moveDown()
---moveDown()
---moveDown()
---moveDown()
---moveDown()
---moveDown()
---moveDown()
---moveDown()
---moveDown()
---moveDown()
---moveDown()
---moveRight()
---moveRight()
---moveDown()
---rotateRight()
Point(3,1)
Tetromino(ZCell,Point(3,1),List(Point(3,1), Point(3,0), Point(2,0), Point(4,1)))
Tetromino(ZCell,Point(3,1),List(Point(3,1), Point(4,1), Point(4,0), Point(3,2)))
---rotateRight()
Point(3,1)
Tetromino(LCell,Point(3,1),List(Point(3,1), Point(2,1), Point(4,0), Point(4,1)))
Tetromino(LCell,Point(3,1),List(Point(3,1), Point(3,0), Point(4,2), Point(3,2)))
---moveLeft()
---moveLeft()
---moveRight()
---moveRight()
---moveDown()
---moveDown()
---moveRight()
---moveRight()
---moveDown()
---moveDown()
---rotateRight()
Point(5,1)
Tetromino(LCell,Point(5,1),List(Point(5,1), Point(5,0), Point(6,2), Point(5,2)))
Tetromino(LCell,Point(5,1),List(Point(5,1), Point(6,1), Point(4,2), Point(4,1)))
---moveDown()
---rotateRight()
Point(5,1)
Tetromino(LCell,Point(5,1),List(Point(5,1), Point(6,1), Point(4,2), Point(4,1)))
Tetromino(LCell,Point(5,1),List(Point(5,1), Point(5,2), Point(4,0), Point(5,0)))
---moveLeft()
---moveLeft()
---moveRight()
---moveRight()
---moveDown()
---moveDown()
---moveRight()
---moveRight()
---moveDown()
---moveDown()
---moveDown()
---moveRight()
---moveRight()
---rotateRight()
Point(2,1)
Tetromino(JCell,Point(2,1),List(Point(2,1), Point(1,1), Point(1,0), Point(3,1)))
Tetromino(JCell,Point(2,1),List(Point(2,1), Point(2,0), Point(3,0), Point(2,2)))
---moveRight()
---moveRight()
---rotateRight()
Point(2,1)
Tetromino(JCell,Point(2,1),List(Point(2,1), Point(2,0), Point(3,0), Point(2,2)))
Tetromino(JCell,Point(2,1),List(Point(2,1), Point(3,1), Point(3,2), Point(1,1)))
---moveDown()
---moveDown()
---rotateRight()
Point(2,1)
Tetromino(JCell,Point(2,1),List(Point(2,1), Point(3,1), Point(3,2), Point(1,1)))
Tetromino(JCell,Point(2,1),List(Point(2,1), Point(2,2), Point(1,2), Point(2,0)))
---moveDown()
---moveDown()
---moveRight()
---moveRight()
---moveDown()
---moveDown()
---moveRight()
---moveRight()
---moveDown()
---moveDown()
---moveDown()
---moveDown()
---moveDown()
---moveDown()
---moveDown()
---moveDown()
---moveDown()
---moveDown()
---moveDown()
---moveDown()
---moveDown()
---moveDown()
---moveDown()
---moveDown()
---moveDown()
---moveDown()
---moveDown()
---moveDown()
---moveDown()
---moveDown()
---moveDown()
---moveDown()
---moveDown()
---moveDown()
---moveDown()
---rotateRight()
Point(3,1)
Tetromino(ZCell,Point(3,1),List(Point(3,1), Point(3,0), Point(2,0), Point(4,1)))
Tetromino(ZCell,Point(3,1),List(Point(3,1), Point(4,1), Point(4,0), Point(3,2)))
---moveDown()
---moveDown()
---moveDown()
---moveRight()
---moveRight()
---moveDown()
---moveDown()
---moveDown()
---moveDown()
---moveDown()
---moveDown()
---moveDown()
---moveDown()
---moveDown()
---moveDown()
---moveDown()
---moveDown()
---moveDown()
---moveDown()
---moveLeft()
---moveLeft()
---moveDown()
---moveDown()
---moveDown()
---moveDown()
---moveDown()
---moveDown()
---moveDown()
---moveDown()
---moveDown()
---moveDown()
---moveDown()
---moveDown()
---moveDown()
---moveDown()
---moveDown()
---moveLeft()
---moveLeft()
---moveDown()
---moveDown()
---rotateRight()
Point(2,1)
Tetromino(SCell,Point(2,1),List(Point(2,1), Point(1,1), Point(2,0), Point(3,0)))
Tetromino(SCell,Point(2,1),List(Point(2,1), Point(2,0), Point(3,1), Point(3,2)))
---rotateRight()
Point(2,9)
Tetromino(SCell,Point(2,9),List(Point(2,9), Point(1,9), Point(2,8), Point(3,8)))
Tetromino(SCell,Point(2,9),List(Point(2,9), Point(2,8), Point(3,9), Point(3,10)))
---moveLeft()
---moveLeft()
---moveDown()
---moveDown()
---moveDown()
---rotateRight()
Point(2,1)
Tetromino(JCell,Point(2,1),List(Point(2,1), Point(1,1), Point(1,0), Point(3,1)))
Tetromino(JCell,Point(2,1),List(Point(2,1), Point(2,0), Point(3,0), Point(2,2)))
---moveDown()
---moveDown()
---rotateRight()
Point(2,1)
Tetromino(JCell,Point(2,1),List(Point(2,1), Point(2,0), Point(3,0), Point(2,2)))
Tetromino(JCell,Point(2,1),List(Point(2,1), Point(3,1), Point(3,2), Point(1,1)))
---moveDown()
---moveDown()
---rotateRight()
Point(2,1)
Tetromino(JCell,Point(2,1),List(Point(2,1), Point(3,1), Point(3,2), Point(1,1)))
Tetromino(JCell,Point(2,1),List(Point(2,1), Point(2,2), Point(1,2), Point(2,0)))
---moveDown()
---moveDown()
---moveRight()
---moveRight()
---moveDown()
---moveDown()
---moveDown()
---moveDown()
---moveDown()
---moveDown()
---moveDown()
---moveDown()
---moveDown()
---moveDown()
---moveDown()
---moveDown()
---moveDown()
---moveDown()
---moveDown()
---moveDown()
---moveDown()
---moveDown()
---moveDown()
---rotateRight()
Point(3,1)
Tetromino(ICell,Point(3,1),List(Point(3,1), Point(2,1), Point(4,1), Point(5,1)))
Tetromino(ICell,Point(3,1),List(Point(4,1), Point(4,0), Point(4,2), Point(4,3)))
---moveDown()
---moveLeft()
---moveLeft()
---rotateRight()
Point(2,1)
Tetromino(JCell,Point(2,1),List(Point(2,1), Point(1,1), Point(1,0), Point(3,1)))
Tetromino(JCell,Point(2,1),List(Point(2,1), Point(2,0), Point(3,0), Point(2,2)))
---moveLeft()
---moveLeft()
---moveDown()
---moveDown()
---moveLeft()
---moveLeft()
---moveDown()
---moveDown()
---moveLeft()
---moveLeft()
---moveDown()
---moveDown()
---moveLeft()
---moveDown()
---moveDown()
---moveDown()
---moveDown()
---moveDown()
---moveDown()
---moveDown()
---rotateRight()
Point(2,1)
Tetromino(TCell,Point(2,1),List(Point(2,1), Point(1,1), Point(3,1), Point(2,0)))
Tetromino(TCell,Point(2,1),List(Point(2,1), Point(2,0), Point(2,2), Point(3,1)))
---moveDown()
---moveDown()
---moveLeft()
---moveLeft()
---moveDown()
---moveDown()
---moveLeft()
---moveLeft()
---moveDown()
---moveDown()
---moveDown()
---moveDown()
---moveDown()
---moveDown()
---moveDown()
---moveDown()
---moveDown()
---moveDown()
---moveDown()
---moveDown()
---moveDown()
---moveDown()
---moveDown()
---moveLeft()
---moveLeft()
---moveDown()
---moveDown()
---moveDown()
---moveDown()
---moveDown()
---moveDown()
---moveLeft()
---moveLeft()
---moveDown()
---moveDown()
---moveDown()
---moveDown()
---moveLeft()
---moveDown()
---moveDown()
---moveDown()
---moveDown()
---moveDown()
---moveLeft()
---moveLeft()
---moveDown()
---moveDown()
---moveLeft()
---moveLeft()
---moveRight()
---moveRight()
---moveDown()
---moveDown()
---moveDown()
---moveDown()
---moveDown()
---moveDown()
---moveDown()
---moveDown()
---moveDown()
---moveDown()
---moveDown()
---moveDown()
---moveDown()
---moveLeft()
---moveLeft()
---moveDown()
---moveDown()
---moveDown()
---moveDown()
---moveDown()
---moveDown()
---moveDown()
---rotateRight()
Point(2,1)
Tetromino(JCell,Point(2,1),List(Point(2,1), Point(1,1), Point(1,0), Point(3,1)))
Tetromino(JCell,Point(2,1),List(Point(2,1), Point(2,0), Point(3,0), Point(2,2)))
---moveDown()
---moveDown()
---rotateRight()
Point(2,1)
Tetromino(JCell,Point(2,1),List(Point(2,1), Point(2,0), Point(3,0), Point(2,2)))
Tetromino(JCell,Point(2,1),List(Point(2,1), Point(3,1), Point(3,2), Point(1,1)))
---moveDown()
---moveDown()
---rotateRight()
Point(2,1)
Tetromino(JCell,Point(2,1),List(Point(2,1), Point(3,1), Point(3,2), Point(1,1)))
Tetromino(JCell,Point(2,1),List(Point(2,1), Point(2,2), Point(1,2), Point(2,0)))
---moveDown()
---moveDown()
---moveLeft()
---moveLeft()
---moveDown()
---moveDown()
---moveDown()
---rotateRight()
Point(3,1)
Tetromino(LCell,Point(3,1),List(Point(3,1), Point(2,1), Point(4,0), Point(4,1)))
Tetromino(LCell,Point(3,1),List(Point(3,1), Point(3,0), Point(4,2), Point(3,2)))
---moveDown()
---moveDown()
---moveRight()
---moveRight()
---moveDown()
---moveRight()
---moveRight()
---rotateRight()
Point(2,1)
Tetromino(JCell,Point(2,1),List(Point(2,1), Point(1,1), Point(1,0), Point(3,1)))
Tetromino(JCell,Point(2,1),List(Point(2,1), Point(2,0), Point(3,0), Point(2,2)))
---rotateRight()
Point(5,1)
Tetromino(LCell,Point(5,1),List(Point(5,1), Point(5,0), Point(6,2), Point(5,2)))
Tetromino(LCell,Point(5,1),List(Point(5,1), Point(6,1), Point(4,2), Point(4,1)))
---rotateRight()
Point(2,1)
Tetromino(JCell,Point(2,1),List(Point(2,1), Point(2,0), Point(3,0), Point(2,2)))
Tetromino(JCell,Point(2,1),List(Point(2,1), Point(3,1), Point(3,2), Point(1,1)))
---rotateRight()
Point(5,1)
Tetromino(LCell,Point(5,1),List(Point(5,1), Point(6,1), Point(4,2), Point(4,1)))
Tetromino(LCell,Point(5,1),List(Point(5,1), Point(5,2), Point(4,0), Point(5,0)))
---rotateRight()
Point(2,1)
Tetromino(JCell,Point(2,1),List(Point(2,1), Point(3,1), Point(3,2), Point(1,1)))
Tetromino(JCell,Point(2,1),List(Point(2,1), Point(2,2), Point(1,2), Point(2,0)))
---moveRight()
---moveRight()
---moveRight()
---moveRight()
---moveRight()
---moveRight()
---rotateRight()
Point(3,1)
Tetromino(JCell,Point(3,1),List(Point(3,1), Point(4,1), Point(4,2), Point(2,1)))
Tetromino(JCell,Point(3,1),List(Point(3,1), Point(3,2), Point(2,2), Point(3,0)))
---moveDown()
---moveDown()
---moveRight()
---moveRight()
---moveDown()
---moveDown()
---moveRight()
---moveRight()
---moveDown()
---moveDown()
---moveDown()
---moveDown()
---moveDown()
---moveDown()
---moveDown()
---moveDown()
---moveDown()
---moveDown()
---moveDown()
---moveDown()
---moveDown()
---moveDown()
---moveDown()
---moveDown()
---moveDown()
---moveDown()
---moveDown()
---moveDown()
---moveDown()
---moveRight()
---moveRight()
---moveDown()
---rotateRight()
Point(3,1)
Tetromino(TCell,Point(3,1),List(Point(3,1), Point(2,1), Point(4,1), Point(3,0)))
Tetromino(TCell,Point(3,1),List(Point(3,1), Point(3,0), Point(3,2), Point(4,1)))
---moveRight()
---moveRight()
---rotateRight()
Point(3,1)
Tetromino(TCell,Point(3,1),List(Point(3,1), Point(3,0), Point(3,2), Point(4,1)))
Tetromino(TCell,Point(3,1),List(Point(3,1), Point(4,1), Point(2,1), Point(3,2)))
---moveRight()
---moveRight()
---moveRight()
---moveRight()
---rotateRight()
Point(5,1)
Tetromino(TCell,Point(5,1),List(Point(5,1), Point(4,1), Point(6,1), Point(5,0)))
Tetromino(TCell,Point(5,1),List(Point(5,1), Point(5,0), Point(5,2), Point(6,1)))
---moveDown()
---moveDown()
---rotateRight()
Point(5,1)
Tetromino(TCell,Point(5,1),List(Point(5,1), Point(5,0), Point(5,2), Point(6,1)))
Tetromino(TCell,Point(5,1),List(Point(5,1), Point(6,1), Point(4,1), Point(5,2)))
---moveDown()
---moveDown()
---moveDown()
---moveDown()
---moveDown()
---moveDown()
---moveDown()
---moveDown()
---moveDown()
---moveDown()
---moveDown()
---moveRight()
---moveRight()
---moveDown()
---moveDown()
---moveRight()
---moveRight()
---moveDown()
---moveDown()
---moveLeft()
---moveLeft()
---moveDown()
---moveDown()
---moveDown()
---moveDown()
---moveDown()
---moveRight()
---moveRight()
---moveRight()
---moveRight()
---moveDown()
---moveDown()
---rotateRight()
Point(4,1)
Tetromino(SCell,Point(4,1),List(Point(4,1), Point(3,1), Point(4,0), Point(5,0)))
Tetromino(SCell,Point(4,1),List(Point(4,1), Point(4,0), Point(5,1), Point(5,2)))
---moveDown()
---moveDown()
---moveRight()
---moveRight()
---moveDown()
---moveRight()
---moveRight()
---rotateRight()
Point(2,1)
Tetromino(SCell,Point(2,1),List(Point(2,1), Point(1,1), Point(2,0), Point(3,0)))
Tetromino(SCell,Point(2,1),List(Point(2,1), Point(2,0), Point(3,1), Point(3,2)))
---moveDown()
---moveDown()
---moveLeft()
---moveLeft()
---moveDown()
---moveDown()
---moveDown()
---moveDown()
---moveDown()
---moveDown()
---moveDown()
---moveDown()
---moveDown()
---moveDown()
---moveDown()
---moveDown()
---moveDown()
---moveRight()
---moveRight()
---moveDown()
---moveDown()
---rotateRight()
Point(3,1)
Tetromino(JCell,Point(3,1),List(Point(3,1), Point(2,1), Point(2,0), Point(4,1)))
Tetromino(JCell,Point(3,1),List(Point(3,1), Point(3,0), Point(4,0), Point(3,2)))
---moveDown()
---moveDown()
---moveDown()
---moveLeft()
---moveLeft()
---moveDown()
---moveDown()
---rotateRight()
Point(2,1)
Tetromino(TCell,Point(2,1),List(Point(2,1), Point(1,1), Point(3,1), Point(2,0)))
Tetromino(TCell,Point(2,1),List(Point(2,1), Point(2,0), Point(2,2), Point(3,1)))
---moveDown()
---moveLeft()
---moveLeft()
---moveRight()
---moveRight()
---rotateRight()
Point(1,1)
Tetromino(TCell,Point(1,1),List(Point(1,1), Point(1,0), Point(1,2), Point(2,1)))
Tetromino(TCell,Point(1,1),List(Point(1,1), Point(2,1), Point(0,1), Point(1,2)))
---moveRight()
---moveRight()
---rotateRight()
Point(1,1)
Tetromino(TCell,Point(1,1),List(Point(1,1), Point(2,1), Point(0,1), Point(1,2)))
Tetromino(TCell,Point(1,1),List(Point(1,1), Point(1,2), Point(1,0), Point(0,1)))
---moveRight()
---moveDown()
---moveDown()
---moveDown()
---moveDown()
---moveDown()
---moveLeft()
---moveLeft()
---moveDown()
---moveDown()
---moveLeft()
---moveLeft()
---moveDown()
---moveDown()
---moveLeft()
---moveDown()
---moveDown()
---moveDown()
]]></system-out>
  <system-err><![CDATA[]]></system-err>
</testsuite>
